Сборка начата 06.01.2025 20:52:19.
Уровень детализации журнала: Normal.     1>Проект "C:\Users\денис\Desktop\лабы\KDA-2024_2.0\KDA-2024\KDA-2024_ASM\KDA-2024_ASM.vcxproj" в узле 2 (целевые объекты Build).
     1>PrepareForBuild:
         Структурированный вывод включен. Форматирование диагностики компилятора будет отражать иерархию ошибок. Подробнее см. https://aka.ms/cpp/structured-output.
       InitializeBuildStatus:
         Создание "Debug\KDA-2024_ASM.tlog\unsuccessfulbuild", так как было задано "AlwaysCreate".
         Обращение к "Debug\KDA-2024_ASM.tlog\unsuccessfulbuild".
       _MASM:
         Assembling ..\Debug\KDA_result.asm...
         cmd.exe /C "C:\Temp\tmp5bd143bc6a0f42a59a0f98a34e3b96b5.cmd"
         ml.exe /c /nologo /Zi /Fo"Debug\KDA_result.obj" /W3 /errorReport:prompt  /Ta..\Debug\KDA_result.asm
       Link:
         C:\Program Files\Microsoft Visual Studio\2022\Community\VC\Tools\MSVC\14.42.34433\bin\HostX86\x86\link.exe /ERRORREPORT:PROMPT /OUT:"C:\Users\денис\Desktop\лабы\KDA-2024_2.0\KDA-2024\Debug\KDA-2024_ASM.exe" /INCREMENTAL /ILK:"Debug\KDA-2024_ASM.ilk" /NOLOGO kernel32.lib user32.lib gdi32.lib winspool.lib comdlg32.lib advapi32.lib shell32.lib ole32.lib oleaut32.lib uuid.lib odbc32.lib odbccp32.lib /MANIFEST /MANIFESTUAC:"level='asInvoker' uiAccess='false'" /manifest:embed /DEBUG /PDB:"C:\Users\денис\Desktop\лабы\KDA-2024_2.0\KDA-2024\Debug\KDA-2024_ASM.pdb" /SUBSYSTEM:CONSOLE /TLBID:1 /DYNAMICBASE /NXCOMPAT /IMPLIB:"C:\Users\денис\Desktop\лабы\KDA-2024_2.0\KDA-2024\Debug\KDA-2024_ASM.lib" /MACHINE:X86 Debug\KDA_result.obj
         KDA-2024_ASM.vcxproj -> C:\Users\денис\Desktop\лабы\KDA-2024_2.0\KDA-2024\Debug\KDA-2024_ASM.exe
       FinalizeBuildStatus:
         Файл "Debug\KDA-2024_ASM.tlog\unsuccessfulbuild" удаляется.
         Обращение к "Debug\KDA-2024_ASM.tlog\KDA-2024_ASM.lastbuildstate".
     1>Сборка проекта "C:\Users\денис\Desktop\лабы\KDA-2024_2.0\KDA-2024\KDA-2024_ASM\KDA-2024_ASM.vcxproj" завершена (целевые объекты Build).

Сборка успешно завершена.
    Предупреждений: 0
    Ошибок: 0

Прошло времени 00:00:01.01
