c:\users\денис\desktop\лабы\kda-2024\kda-2024\kda-2024\debug\vc143.pdb
c:\users\денис\desktop\лабы\kda-2024\kda-2024\kda-2024\debug\vc143.idb
c:\users\денис\desktop\лабы\kda-2024\kda-2024\kda-2024\debug\pch.obj
c:\users\денис\desktop\лабы\kda-2024\kda-2024\kda-2024\debug\tokenization.obj
c:\users\денис\desktop\лабы\kda-2024\kda-2024\kda-2024\debug\semantic.obj
c:\users\денис\desktop\лабы\kda-2024\kda-2024\kda-2024\debug\polish.obj
c:\users\денис\desktop\лабы\kda-2024\kda-2024\kda-2024\debug\parm.obj
c:\users\денис\desktop\лабы\kda-2024\kda-2024\kda-2024\debug\mfst.obj
c:\users\денис\desktop\лабы\kda-2024\kda-2024\kda-2024\debug\log.obj
c:\users\денис\desktop\лабы\kda-2024\kda-2024\kda-2024\debug\lexanalyzer.obj
c:\users\денис\desktop\лабы\kda-2024\kda-2024\kda-2024\debug\lt.obj
c:\users\денис\desktop\лабы\kda-2024\kda-2024\kda-2024\debug\kda-2024.obj
c:\users\денис\desktop\лабы\kda-2024\kda-2024\kda-2024\debug\in.obj
c:\users\денис\desktop\лабы\kda-2024\kda-2024\kda-2024\debug\it.obj
c:\users\денис\desktop\лабы\kda-2024\kda-2024\kda-2024\debug\greibach.obj
c:\users\денис\desktop\лабы\kda-2024\kda-2024\kda-2024\debug\fst.obj
c:\users\денис\desktop\лабы\kda-2024\kda-2024\kda-2024\debug\error.obj
c:\users\денис\desktop\лабы\kda-2024\kda-2024\kda-2024\debug\codegeneration.obj
c:\users\денис\desktop\лабы\kda-2024\kda-2024\debug\kda-2024.exe
c:\users\денис\desktop\лабы\kda-2024\kda-2024\debug\kda-2024.pdb
c:\users\денис\desktop\лабы\kda-2024\kda-2024\kda-2024\debug\kda-2024.ilk
c:\users\денис\desktop\лабы\kda-2024\kda-2024\kda-2024\debug\kda-2024.tlog\cl.command.1.tlog
c:\users\денис\desktop\лабы\kda-2024\kda-2024\kda-2024\debug\kda-2024.tlog\cl.items.tlog
c:\users\денис\desktop\лабы\kda-2024\kda-2024\kda-2024\debug\kda-2024.tlog\cl.read.1.tlog
c:\users\денис\desktop\лабы\kda-2024\kda-2024\kda-2024\debug\kda-2024.tlog\cl.write.1.tlog
c:\users\денис\desktop\лабы\kda-2024\kda-2024\kda-2024\debug\kda-2024.tlog\link.command.1.tlog
c:\users\денис\desktop\лабы\kda-2024\kda-2024\kda-2024\debug\kda-2024.tlog\link.read.1.tlog
c:\users\денис\desktop\лабы\kda-2024\kda-2024\kda-2024\debug\kda-2024.tlog\link.secondary.1.tlog
c:\users\денис\desktop\лабы\kda-2024\kda-2024\kda-2024\debug\kda-2024.tlog\link.write.1.tlog
